activecomp {
  name: "Game_Player"
  width: 64
  height: 64
  defaultcameradistance: 88.888885
  layer {
    name: "guy.png"
    id: 368
    sourceid: 399
    transform {
      anchorPoint {
        x: 67
        y: 67
        z: 0
      }
      scale {
        x: 0.49253732
        y: 0.47761193
        z: 1
      }
      position {
        x: 32
        y: 32
        z: 0
      }
      orientation {
        x: 0
        y: 0
        z: 0
      }
      rotationX: 0
      rotationY: 0
      rotationZ: 0
      opacity: 1
    }
    acceptsshadows: true
    acceptslights: true
    castsshadows: false
  }
  bgcolor {
    alpha: 1
    red: 0
    green: 0.48627450980392156
    blue: 0.73725490196078436
  }
}
sources {
  uid: 399
  srctype: AE_IMAGE_SRC
  name: "guy.png"
  width: 134
  height: 134
  numberOfFrames: 1
  fps: 0
  loops: 1
  copy_source: true
}
