activecomp {
  name: "Game_Prefab"
  width: 1920
  height: 1080
  defaultcameradistance: 2666.6667
  layer {
    name: "Player"
    id: 346
    sourceid: 368
    transform {
      anchorPoint {
        x: 64
        y: 64
        z: 0
      }
      scale {
        x: 1
        y: 1
        z: 1
      }
      position {
        x: 960
        y: 540
        z: 0
      }
      orientation {
        x: 0
        y: 0
        z: 0
      }
      rotationX: 0
      rotationY: 0
      rotationZ: 0
      opacity: 1
    }
    acceptsshadows: true
    acceptslights: true
    castsshadows: false
  }
  layer {
    name: "Wall"
    id: 347
    sourceid: 357
    transform {
      anchorPoint {
        x: 64
        y: 64
        z: 0
      }
      scale {
        x: 1
        y: 1
        z: 1
      }
      position {
        x: 820
        y: 536
        z: 0
      }
      orientation {
        x: 0
        y: 0
        z: 0
      }
      rotationX: 0
      rotationY: 0
      rotationZ: 0
      opacity: 1
    }
    acceptsshadows: true
    acceptslights: true
    castsshadows: false
  }
  bgcolor {
    alpha: 1
    red: 0
    green: 0.48627450980392156
    blue: 0.73725490196078436
  }
  childtemplates: "Game_Player"
  childtemplates: "Game_Wall"
}
sources {
  uid: 368
  srctype: AE_COMP_SRC
  name: "Game_Player.layout"
  width: 128
  height: 128
  copy_source: true
}
sources {
  uid: 357
  srctype: AE_COMP_SRC
  name: "Game_Wall.layout"
  width: 128
  height: 128
  copy_source: true
}
