activecomp {
  name: "Game_Monster"
  width: 64
  height: 64
  defaultcameradistance: 88.888885
  layer {
    name: "monster.png"
    id: 420
    sourceid: 432
    transform {
      anchorPoint {
        x: 67
        y: 67
        z: 0
      }
      scale {
        x: 0.51492536
        y: 0.52985072
        z: 1
      }
      position {
        x: 32.75
        y: 31
        z: 0
      }
      orientation {
        x: 0
        y: 0
        z: 0
      }
      rotationX: 0
      rotationY: 0
      rotationZ: 0
      opacity: 1
    }
    acceptsshadows: true
    acceptslights: true
    castsshadows: false
  }
  bgcolor {
    alpha: 1
    red: 0
    green: 0.48627450980392156
    blue: 0.73725490196078436
  }
}
sources {
  uid: 432
  srctype: AE_IMAGE_SRC
  name: "monster.png"
  width: 134
  height: 134
  numberOfFrames: 1
  fps: 0
  loops: 1
  copy_source: true
}
