activecomp {
  name: "Game_Wall"
  width: 128
  height: 128
  defaultcameradistance: 177.77777
  layer {
    name: "wall.png"
    id: 357
    sourceid: 400
    transform {
      anchorPoint {
        x: 200
        y: 200
        z: 0
      }
      scale {
        x: 0.5
        y: 0.64
        z: 1
      }
      position {
        x: 64
        y: 64
        z: 0
      }
      orientation {
        x: 0
        y: 0
        z: 0
      }
      rotationX: 0
      rotationY: 0
      rotationZ: 0
      opacity: 1
    }
    acceptsshadows: true
    acceptslights: true
    castsshadows: false
  }
  classname: "CYIImageView"
  bgcolor {
    alpha: 1
    red: 0
    green: 0.48627450980392156
    blue: 0.73725490196078436
  }
  properties {
    key: "componentType"
    value: "image"
  }
}
sources {
  uid: 400
  srctype: AE_IMAGE_SRC
  name: "wall.png"
  width: 400
  height: 400
  numberOfFrames: 1
  fps: 0
  loops: 1
  copy_source: true
}
