tracks {
  binding: IS_VISIBLE
  targetid: 1
  targetname: "dog"
  keytimes {
    datatype: AE_INT_DATA
    timeOffset: 0
    inttype: AE_INTERP_HOLD
    ivalue1: 1
  }
}
tracks {
  binding: POSITION
  targetid: 1
  targetname: "dog"
  keytimes {
    datatype: AE_FLOAT_VECTOR_DATA
    timeOffset: 0
    inttype: AE_INTERP_LINEAR
    sInTangentX: -0
    sInTangentY: 86.666664
    sInTangentZ: -0
    sOutTangentX: 0
    sOutTangentY: -86.666664
    sOutTangentZ: 0
    fvalue1: 640
    fvalue2: 1262
    fvalue3: 0
  }
  keytimes {
    datatype: AE_FLOAT_VECTOR_DATA
    timeOffset: 0.86753422
    inttype: AE_INTERP_LINEAR
    sInTangentX: -0
    sInTangentY: 86.666664
    sInTangentZ: -0
    sOutTangentX: 0
    sOutTangentY: 0
    sOutTangentZ: 0
    fvalue1: 640
    fvalue2: 742
    fvalue3: 0
  }
  keytimes {
    datatype: AE_FLOAT_VECTOR_DATA
    timeOffset: 1.5682349
    inttype: AE_INTERP_LINEAR
    sInTangentX: 0
    sInTangentY: 0
    sInTangentZ: 0
    sOutTangentX: 0
    sOutTangentY: 88
    sOutTangentZ: 0
    fvalue1: 640
    fvalue2: 742
    fvalue3: 0
  }
  keytimes {
    datatype: AE_FLOAT_VECTOR_DATA
    timeOffset: 2.002002
    inttype: AE_INTERP_LINEAR
    sInTangentX: -0
    sInTangentY: -88
    sInTangentZ: -0
    sOutTangentX: 0
    sOutTangentY: 88
    sOutTangentZ: 0
    fvalue1: 640
    fvalue2: 1270
    fvalue3: 0
  }
  trackName: "Position"
}
tracks {
  binding: IS_VISIBLE
  targetid: 2
  targetname: "SUCH YOU.i. MUCH WOW"
  keytimes {
    datatype: AE_INT_DATA
    timeOffset: 0
    inttype: AE_INTERP_HOLD
    ivalue1: 1
  }
}
tracks {
  binding: POSITION
  targetid: 2
  targetname: "SUCH YOU.i. MUCH WOW"
  keytimes {
    datatype: AE_FLOAT_VECTOR_DATA
    timeOffset: 0
    inttype: AE_INTERP_LINEAR
    sInTangentX: -0
    sInTangentY: -0
    sInTangentZ: -0
    sOutTangentX: 0
    sOutTangentY: 0
    sOutTangentZ: 0
    fvalue1: -500
    fvalue2: 200
    fvalue3: 0
  }
  keytimes {
    datatype: AE_FLOAT_VECTOR_DATA
    timeOffset: 0.5005005
    inttype: AE_INTERP_LINEAR
    sInTangentX: 0
    sInTangentY: 0
    sInTangentZ: 0
    sOutTangentX: 300
    sOutTangentY: 0
    sOutTangentZ: 0
    fvalue1: -500
    fvalue2: 200
    fvalue3: 0
  }
  keytimes {
    datatype: AE_FLOAT_VECTOR_DATA
    timeOffset: 2.002002
    inttype: AE_INTERP_LINEAR
    sInTangentX: -300
    sInTangentY: -0
    sInTangentZ: -0
    sOutTangentX: 300
    sOutTangentY: 0
    sOutTangentZ: 0
    fvalue1: 1300
    fvalue2: 200
    fvalue3: 0
  }
  trackName: "Position"
}
markers {
  starttime: 0
  duration: 2.005
  name: "SpinAnimation"
  tracksSelection {
    targetid: 1
    binding: IS_VISIBLE
  }
  tracksSelection {
    targetid: 1
    binding: POSITION
  }
  tracksSelection {
    targetid: 2
    binding: IS_VISIBLE
  }
  tracksSelection {
    targetid: 2
    binding: POSITION
  }
  alltracks: false
  looping: false
}
